absl-py==1.4.0
astunparse==1.6.3
backcall==0.2.0
cachetools==5.3.1
certifi==2023.7.22
charset-normalizer==3.2.0
debugpy==1.4.1
decorator==5.0.9
entrypoints==0.3
flatbuffers==23.5.26
gast==0.4.0
google-auth==2.22.0
google-auth-oauthlib==1.0.0
google-pasta==0.2.0
grpcio==1.57.0
h5py==3.9.0
idna==3.4
importlib-metadata==6.8.0
ipykernel==6.2.0
ipython==7.26.0
ipython-genutils==0.2.0
jedi==0.18.0
jupyter-client==7.0.1
jupyter-core==4.7.1
keras==2.13.1
libclang==16.0.6
Markdown==3.4.4
MarkupSafe==2.1.3
matplotlib-inline==0.1.2
nest-asyncio==1.5.1
numpy==1.24.3
nvidia-cublas-cu11==11.11.3.6
nvidia-cudnn-cu11==8.6.0.163
oauthlib==3.2.2
opt-einsum==3.3.0
packaging==23.1
parso==0.8.2
pexpect==4.8.0
pickleshare==0.7.5
prompt-toolkit==3.0.20
protobuf==4.24.2
ptyprocess==0.7.0
pyasn1==0.5.0
pyasn1-modules==0.3.0
pydot==1.4.2
Pygments==2.10.0
pyparsing==3.1.1
pyzmq==22.2.1
requests==2.31.0
requests-oauthlib==1.3.1
rsa==4.9
six==1.16.0
tensorboard==2.13.0
tensorboard-data-server==0.7.1
tensorflow==2.13.0
tensorflow-estimator==2.13.0
tensorflow-io-gcs-filesystem==0.33.0
termcolor==2.3.0
tornado==6.1
typing_extensions==4.5.0
urllib3==1.26.16
wcwidth==0.2.5
Werkzeug==2.3.7
wrapt==1.15.0
zipp==3.16.2
